<?xml version="1.0" encoding="UTF-8"?>
<testng-results ignored="0" total="1" passed="1" failed="0" skipped="0">
  <reporter-output>
    <line>
      <![CDATA[Mobiles    Large apliancee]]>
    </line>
    <line>
      <![CDATA[Stock-000000032     Stock-000000032]]>
    </line>
    <line>
      <![CDATA[Supplier-00000000666     Supplier-00000000666]]>
    </line>
    <line>
      <![CDATA[Customer-00000000207     Customer-00000000207]]>
    </line>
  </reporter-output>
  <suite started-at="2023-12-22T16:10:20 IST" name="Default suite" finished-at="2023-12-22T16:11:37 IST" duration-ms="77374">
    <groups>
    </groups>
    <test started-at="2023-12-22T16:10:20 IST" name="Default test" finished-at="2023-12-22T16:11:37 IST" duration-ms="77374">
      <class name="driverFactory.AppTest">
        <test-method signature="kickstart()[pri:0, instance:driverFactory.AppTest@4b8ee4de]" started-at="2023-12-22T16:10:20 IST" name="kickstart" finished-at="2023-12-22T16:11:37 IST" duration-ms="77326" status="PASS">
          <reporter-output>
            <line>
              <![CDATA[Mobiles    Large apliancee]]>
            </line>
            <line>
              <![CDATA[Stock-000000032     Stock-000000032]]>
            </line>
            <line>
              <![CDATA[Supplier-00000000666     Supplier-00000000666]]>
            </line>
            <line>
              <![CDATA[Customer-00000000207     Customer-00000000207]]>
            </line>
          </reporter-output>
        </test-method> <!-- kickstart -->
      </class> <!-- driverFactory.AppTest -->
    </test> <!-- Default test -->
  </suite> <!-- Default suite -->
</testng-results>
